ERROR 2023-01-16T10:24:58.999 ..\..\qModMaster\src\modbusadapter.cpp @ 73 Connection failed. Could not connect to serial port 
ERROR 2023-01-16T10:25:35.867 ..\..\qModMaster\src\modbusadapter.cpp @ 276 Read Data failed.  "Error : Invalid data" 
ERROR 2023-01-16T10:25:36.847 ..\..\qModMaster\src\modbusadapter.cpp @ 276 Read Data failed.  "Error : Invalid data" 
ERROR 2023-01-16T10:25:37.847 ..\..\qModMaster\src\modbusadapter.cpp @ 276 Read Data failed.  "Error : Invalid data" 
ERROR 2023-01-16T10:25:38.857 ..\..\qModMaster\src\modbusadapter.cpp @ 276 Read Data failed.  "Error : Invalid data" 
ERROR 2023-01-16T10:25:39.847 ..\..\qModMaster\src\modbusadapter.cpp @ 276 Read Data failed.  "Error : Invalid data" 
ERROR 2023-01-16T10:25:40.857 ..\..\qModMaster\src\modbusadapter.cpp @ 276 Read Data failed.  "Error : Invalid data" 
ERROR 2023-01-16T10:25:41.477 ..\..\qModMaster\src\modbusadapter.cpp @ 276 Read Data failed.  "Error : Invalid data" 
ERROR 2023-01-16T10:25:42.867 ..\..\qModMaster\src\modbusadapter.cpp @ 276 Read Data failed.  "Error : Invalid data" 
ERROR 2023-01-16T10:25:43.856 ..\..\qModMaster\src\modbusadapter.cpp @ 276 Read Data failed.  "Error : Invalid data" 
ERROR 2023-01-16T10:25:44.857 ..\..\qModMaster\src\modbusadapter.cpp @ 276 Read Data failed.  "Error : Invalid data" 
ERROR 2023-01-16T10:25:48.652 ..\..\qModMaster\src\modbusadapter.cpp @ 276 Read Data failed.  "Error : Invalid data" 
ERROR 2023-01-16T10:26:18.027 ..\..\qModMaster\src\modbusadapter.cpp @ 276 Read Data failed.  "Error : Invalid data" 
ERROR 2023-01-16T10:26:48.943 ..\..\qModMaster\src\modbusadapter.cpp @ 276 Read Data failed.  "Error : Invalid data" 
ERROR 2023-01-16T10:26:55.157 ..\..\qModMaster\src\modbusadapter.cpp @ 276 Read Data failed.  "Error : Invalid data" 
ERROR 2023-01-16T10:26:56.147 ..\..\qModMaster\src\modbusadapter.cpp @ 276 Read Data failed.  "Error : Invalid data" 
ERROR 2023-01-16T10:26:57.152 ..\..\qModMaster\src\modbusadapter.cpp @ 276 Read Data failed.  "Error : Invalid data" 
ERROR 2023-01-16T10:26:58.147 ..\..\qModMaster\src\modbusadapter.cpp @ 276 Read Data failed.  "Error : Invalid data" 
ERROR 2023-01-16T10:26:59.137 ..\..\qModMaster\src\modbusadapter.cpp @ 276 Read Data failed.  "Error : Invalid data" 
ERROR 2023-01-16T10:27:00.137 ..\..\qModMaster\src\modbusadapter.cpp @ 276 Read Data failed.  "Error : Invalid data" 
ERROR 2023-01-16T10:27:01.137 ..\..\qModMaster\src\modbusadapter.cpp @ 276 Read Data failed.  "Error : Invalid data" 
ERROR 2023-01-16T10:27:02.157 ..\..\qModMaster\src\modbusadapter.cpp @ 276 Read Data failed.  "Error : Invalid data" 
ERROR 2023-01-16T10:27:03.144 ..\..\qModMaster\src\modbusadapter.cpp @ 276 Read Data failed.  "Error : Invalid data" 
ERROR 2023-01-16T10:27:04.145 ..\..\qModMaster\src\modbusadapter.cpp @ 276 Read Data failed.  "Error : Invalid data" 
ERROR 2023-01-16T10:27:05.145 ..\..\qModMaster\src\modbusadapter.cpp @ 276 Read Data failed.  "Error : Invalid data" 
ERROR 2023-01-16T10:27:06.159 ..\..\qModMaster\src\modbusadapter.cpp @ 276 Read Data failed.  "Error : Invalid data" 
ERROR 2023-01-16T10:27:07.167 ..\..\qModMaster\src\modbusadapter.cpp @ 276 Read Data failed.  "Error : Invalid data" 
ERROR 2023-01-16T10:27:08.157 ..\..\qModMaster\src\modbusadapter.cpp @ 276 Read Data failed.  "Error : Invalid data" 
ERROR 2023-01-16T10:27:09.144 ..\..\qModMaster\src\modbusadapter.cpp @ 276 Read Data failed.  "Error : Invalid data" 
ERROR 2023-01-16T10:27:10.156 ..\..\qModMaster\src\modbusadapter.cpp @ 276 Read Data failed.  "Error : Invalid data" 
ERROR 2023-01-16T10:27:11.147 ..\..\qModMaster\src\modbusadapter.cpp @ 276 Read Data failed.  "Error : Invalid data" 
ERROR 2023-01-16T10:27:12.167 ..\..\qModMaster\src\modbusadapter.cpp @ 276 Read Data failed.  "Error : Invalid data" 
ERROR 2023-01-16T10:27:13.176 ..\..\qModMaster\src\modbusadapter.cpp @ 276 Read Data failed.  "Error : Invalid data" 
ERROR 2023-01-16T10:27:14.157 ..\..\qModMaster\src\modbusadapter.cpp @ 276 Read Data failed.  "Error : Invalid data" 
ERROR 2023-01-16T10:27:15.157 ..\..\qModMaster\src\modbusadapter.cpp @ 276 Read Data failed.  "Error : Invalid data" 
ERROR 2023-01-16T10:27:17.425 ..\..\qModMaster\src\modbusadapter.cpp @ 276 Read Data failed.  "Error : Invalid data" 
ERROR 2023-01-16T10:27:41.477 ..\..\qModMaster\src\modbusadapter.cpp @ 276 Read Data failed.  "Error : Invalid data" 
ERROR 2023-01-16T10:27:54.507 ..\..\qModMaster\src\modbusadapter.cpp @ 276 Read Data failed.  "Error : Invalid data" 
ERROR 2023-01-16T10:28:14.677 ..\..\qModMaster\src\modbusadapter.cpp @ 276 Read Data failed.  "Error : Invalid data" 
ERROR 2023-01-16T10:28:28.777 ..\..\qModMaster\src\modbusadapter.cpp @ 276 Read Data failed.  "Error : Invalid data" 
ERROR 2023-01-16T10:28:29.767 ..\..\qModMaster\src\modbusadapter.cpp @ 276 Read Data failed.  "Error : Invalid data" 
ERROR 2023-01-16T10:28:30.777 ..\..\qModMaster\src\modbusadapter.cpp @ 276 Read Data failed.  "Error : Invalid data" 
ERROR 2023-01-16T10:28:31.787 ..\..\qModMaster\src\modbusadapter.cpp @ 276 Read Data failed.  "Error : Invalid data" 
ERROR 2023-01-16T10:28:32.787 ..\..\qModMaster\src\modbusadapter.cpp @ 276 Read Data failed.  "Error : Invalid data" 
ERROR 2023-01-16T10:28:33.793 ..\..\qModMaster\src\modbusadapter.cpp @ 276 Read Data failed.  "Error : Invalid data" 
ERROR 2023-01-16T10:28:34.794 ..\..\qModMaster\src\modbusadapter.cpp @ 276 Read Data failed.  "Error : Invalid data" 
ERROR 2023-01-16T10:28:35.787 ..\..\qModMaster\src\modbusadapter.cpp @ 276 Read Data failed.  "Error : Invalid data" 
ERROR 2023-01-16T10:28:36.807 ..\..\qModMaster\src\modbusadapter.cpp @ 276 Read Data failed.  "Error : Invalid data" 
ERROR 2023-01-16T10:28:37.817 ..\..\qModMaster\src\modbusadapter.cpp @ 276 Read Data failed.  "Error : Invalid data" 
ERROR 2023-01-16T10:28:38.796 ..\..\qModMaster\src\modbusadapter.cpp @ 276 Read Data failed.  "Error : Invalid data" 
ERROR 2023-01-16T10:28:39.786 ..\..\qModMaster\src\modbusadapter.cpp @ 276 Read Data failed.  "Error : Invalid data" 
ERROR 2023-01-16T10:28:40.786 ..\..\qModMaster\src\modbusadapter.cpp @ 276 Read Data failed.  "Error : Invalid data" 
ERROR 2023-01-16T10:28:41.800 ..\..\qModMaster\src\modbusadapter.cpp @ 276 Read Data failed.  "Error : Invalid data" 
ERROR 2023-01-16T10:28:42.800 ..\..\qModMaster\src\modbusadapter.cpp @ 276 Read Data failed.  "Error : Invalid data" 
ERROR 2023-01-16T10:28:43.816 ..\..\qModMaster\src\modbusadapter.cpp @ 276 Read Data failed.  "Error : Invalid data" 
ERROR 2023-01-16T10:28:44.801 ..\..\qModMaster\src\modbusadapter.cpp @ 276 Read Data failed.  "Error : Invalid data" 
ERROR 2023-01-16T10:28:45.817 ..\..\qModMaster\src\modbusadapter.cpp @ 276 Read Data failed.  "Error : Invalid data" 
ERROR 2023-01-16T10:28:46.786 ..\..\qModMaster\src\modbusadapter.cpp @ 276 Read Data failed.  "Error : Invalid data" 
ERROR 2023-01-16T10:28:47.806 ..\..\qModMaster\src\modbusadapter.cpp @ 276 Read Data failed.  "Error : Invalid data" 
ERROR 2023-01-16T10:28:48.806 ..\..\qModMaster\src\modbusadapter.cpp @ 276 Read Data failed.  "Error : Invalid data" 
ERROR 2023-01-16T10:28:49.807 ..\..\qModMaster\src\modbusadapter.cpp @ 276 Read Data failed.  "Error : Invalid data" 
ERROR 2023-01-16T10:28:50.807 ..\..\qModMaster\src\modbusadapter.cpp @ 276 Read Data failed.  "Error : Invalid data" 
ERROR 2023-01-16T10:28:51.807 ..\..\qModMaster\src\modbusadapter.cpp @ 276 Read Data failed.  "Error : Invalid data" 
ERROR 2023-01-16T10:28:52.806 ..\..\qModMaster\src\modbusadapter.cpp @ 276 Read Data failed.  "Error : Invalid data" 
ERROR 2023-01-16T10:28:53.787 ..\..\qModMaster\src\modbusadapter.cpp @ 276 Read Data failed.  "Error : Invalid data" 
ERROR 2023-01-16T10:28:54.807 ..\..\qModMaster\src\modbusadapter.cpp @ 276 Read Data failed.  "Error : Invalid data" 
ERROR 2023-01-16T10:28:55.806 ..\..\qModMaster\src\modbusadapter.cpp @ 276 Read Data failed.  "Error : Invalid data" 
ERROR 2023-01-16T10:28:56.786 ..\..\qModMaster\src\modbusadapter.cpp @ 276 Read Data failed.  "Error : Invalid data" 
ERROR 2023-01-16T10:28:57.807 ..\..\qModMaster\src\modbusadapter.cpp @ 276 Read Data failed.  "Error : Invalid data" 
ERROR 2023-01-16T10:28:58.807 ..\..\qModMaster\src\modbusadapter.cpp @ 276 Read Data failed.  "Error : Invalid data" 
ERROR 2023-01-16T10:28:59.806 ..\..\qModMaster\src\modbusadapter.cpp @ 276 Read Data failed.  "Error : Invalid data" 
ERROR 2023-01-16T10:29:00.807 ..\..\qModMaster\src\modbusadapter.cpp @ 276 Read Data failed.  "Error : Invalid data" 
ERROR 2023-01-16T10:29:01.807 ..\..\qModMaster\src\modbusadapter.cpp @ 276 Read Data failed.  "Error : Invalid data" 
ERROR 2023-01-16T10:29:02.797 ..\..\qModMaster\src\modbusadapter.cpp @ 276 Read Data failed.  "Error : Invalid data" 
ERROR 2023-01-16T10:29:03.807 ..\..\qModMaster\src\modbusadapter.cpp @ 276 Read Data failed.  "Error : Invalid data" 
ERROR 2023-01-16T10:29:04.817 ..\..\qModMaster\src\modbusadapter.cpp @ 276 Read Data failed.  "Error : Invalid data" 
ERROR 2023-01-16T10:29:05.815 ..\..\qModMaster\src\modbusadapter.cpp @ 276 Read Data failed.  "Error : Invalid data" 
ERROR 2023-01-16T10:29:06.785 ..\..\qModMaster\src\modbusadapter.cpp @ 276 Read Data failed.  "Error : Invalid data" 
ERROR 2023-01-16T10:29:07.817 ..\..\qModMaster\src\modbusadapter.cpp @ 276 Read Data failed.  "Error : Invalid data" 
ERROR 2023-01-16T10:29:08.797 ..\..\qModMaster\src\modbusadapter.cpp @ 276 Read Data failed.  "Error : Invalid data" 
ERROR 2023-01-16T10:29:09.817 ..\..\qModMaster\src\modbusadapter.cpp @ 276 Read Data failed.  "Error : Invalid data" 
ERROR 2023-01-16T15:27:49.084 ..\..\qModMaster\src\modbusadapter.cpp @ 276 Read Data failed.  "Error : Invalid data" 
ERROR 2023-01-16T15:30:51.508 ..\..\qModMaster\src\modbusadapter.cpp @ 276 Read Data failed.  "Error : Invalid data" 
ERROR 2023-01-16T16:29:46.200 ..\..\qModMaster\src\modbusadapter.cpp @ 276 Read Data failed.  "Error : Slave device or server failure" 
ERROR 2023-01-16T16:30:12.201 ..\..\qModMaster\src\modbusadapter.cpp @ 276 Read Data failed.  "Error : Timeout" 
ERROR 2023-01-16T16:30:19.320 ..\..\qModMaster\src\modbusadapter.cpp @ 276 Read Data failed.  "Error : Timeout" 
ERROR 2023-01-16T16:30:36.030 ..\..\qModMaster\src\modbusadapter.cpp @ 276 Read Data failed.  "Error : Timeout" 
ERROR 2023-01-16T16:30:40.941 ..\..\qModMaster\src\mainwindow.cpp @ 601 Scan rate error. should be at least 2 * Timeout  
ERROR 2023-01-16T16:32:48.090 ..\..\qModMaster\src\modbusadapter.cpp @ 276 Read Data failed.  "Error : Timeout" 
ERROR 2023-01-16T16:34:06.335 ..\..\qModMaster\src\modbusadapter.cpp @ 276 Read Data failed.  "Error : Timeout" 
ERROR 2023-01-16T16:34:20.987 ..\..\qModMaster\src\modbusadapter.cpp @ 276 Read Data failed.  "Error : Timeout" 
ERROR 2023-01-16T16:34:40.731 ..\..\qModMaster\forms\tools.cpp @ 201 Read diagnostics data failed.  "Error : Timeout" 
ERROR 2023-01-17T08:04:53.004 ..\..\qModMaster\src\mainwindow.cpp @ 601 Scan rate error. should be at least 2 * Timeout  
ERROR 2023-01-17T08:05:06.857 ..\..\qModMaster\src\modbusadapter.cpp @ 276 Read Data failed.  "Error : Slave device or server failure" 
ERROR 2023-01-17T08:05:37.183 ..\..\qModMaster\src\modbusadapter.cpp @ 276 Read Data failed.  "Error : Slave device or server failure" 
ERROR 2023-01-17T08:06:09.345 ..\..\qModMaster\src\modbusadapter.cpp @ 276 Read Data failed.  "Error : Slave device or server failure" 
ERROR 2023-01-17T08:06:44.439 ..\..\qModMaster\src\modbusadapter.cpp @ 276 Read Data failed.  "Error : Slave device or server failure" 
ERROR 2023-01-17T08:10:15.563 ..\..\qModMaster\src\modbusadapter.cpp @ 276 Read Data failed.  "Error : Slave device or server failure" 
ERROR 2023-01-17T08:10:15.683 ..\..\qModMaster\src\modbusadapter.cpp @ 276 Read Data failed.  "Error : Slave device or server failure" 
ERROR 2023-01-17T08:10:21.743 ..\..\qModMaster\src\modbusadapter.cpp @ 276 Read Data failed.  "Error : Illegal data address" 
ERROR 2023-01-17T08:10:22.233 ..\..\qModMaster\src\modbusadapter.cpp @ 276 Read Data failed.  "Error : Slave device or server failure" 
ERROR 2023-01-17T08:10:31.703 ..\..\qModMaster\src\modbusadapter.cpp @ 276 Read Data failed.  "Error : Slave device or server failure" 
ERROR 2023-01-17T08:11:16.123 ..\..\qModMaster\src\modbusadapter.cpp @ 276 Read Data failed.  "Error : Slave device or server failure" 
ERROR 2023-01-17T08:11:22.730 ..\..\qModMaster\src\modbusadapter.cpp @ 276 Read Data failed.  "Error : Slave device or server failure" 
ERROR 2023-01-17T08:11:29.193 ..\..\qModMaster\src\modbusadapter.cpp @ 276 Read Data failed.  "Error : Slave device or server failure" 
ERROR 2023-01-17T15:22:39.322 ..\..\qModMaster\src\modbusadapter.cpp @ 276 Read Data failed.  "Error : Slave device or server failure" 
ERROR 2023-01-17T15:22:39.433 ..\..\qModMaster\src\modbusadapter.cpp @ 276 Read Data failed.  "Error : Slave device or server failure" 
ERROR 2023-01-17T15:22:46.129 ..\..\qModMaster\src\modbusadapter.cpp @ 361 Write Data failed.  "Error : Slave device or server failure" 
ERROR 2023-01-17T15:23:10.721 ..\..\qModMaster\src\modbusadapter.cpp @ 361 Write Data failed.  "Error : Slave device or server failure" 
ERROR 2023-01-18T15:55:59.986 ..\..\qModMaster\src\modbusadapter.cpp @ 276 Read Data failed.  "Error : Illegal data address" 
ERROR 2023-01-18T15:56:35.627 ..\..\qModMaster\src\modbusadapter.cpp @ 361 Write Data failed.  "Error : Slave device or server failure" 
ERROR 2023-01-18T15:56:47.587 ..\..\qModMaster\src\modbusadapter.cpp @ 361 Write Data failed.  "Error : Slave device or server failure" 
ERROR 2023-01-18T15:56:49.686 ..\..\qModMaster\src\modbusadapter.cpp @ 361 Write Data failed.  "Error : Slave device or server failure" 
ERROR 2023-01-18T15:56:55.056 ..\..\qModMaster\src\modbusadapter.cpp @ 361 Write Data failed.  "Error : Slave device or server failure" 
ERROR 2023-01-18T15:56:59.206 ..\..\qModMaster\src\modbusadapter.cpp @ 276 Read Data failed.  "Error : Slave device or server failure" 
ERROR 2023-01-18T15:57:03.007 ..\..\qModMaster\src\modbusadapter.cpp @ 361 Write Data failed.  "Error : Slave device or server failure" 
ERROR 2023-01-18T15:57:10.977 ..\..\qModMaster\src\modbusadapter.cpp @ 361 Write Data failed.  "Error : Slave device or server failure" 
ERROR 2023-01-18T15:57:39.787 ..\..\qModMaster\src\modbusadapter.cpp @ 276 Read Data failed.  "Error : Illegal data address" 
ERROR 2023-01-18T15:57:39.896 ..\..\qModMaster\src\modbusadapter.cpp @ 276 Read Data failed.  "Error : Illegal data address" 
ERROR 2023-01-18T15:57:43.787 ..\..\qModMaster\src\modbusadapter.cpp @ 361 Write Data failed.  "Error : Illegal data address" 
ERROR 2023-01-18T15:57:50.487 ..\..\qModMaster\src\modbusadapter.cpp @ 276 Read Data failed.  "Error : Illegal data address" 
ERROR 2023-01-18T15:57:55.816 ..\..\qModMaster\src\modbusadapter.cpp @ 361 Write Data failed.  "Error : Illegal data address" 
ERROR 2023-01-18T15:58:06.886 ..\..\qModMaster\src\modbusadapter.cpp @ 361 Write Data failed.  "Error : Illegal data address" 
ERROR 2023-01-18T15:58:30.916 ..\..\qModMaster\src\modbusadapter.cpp @ 276 Read Data failed.  "Error : Illegal data address" 
ERROR 2023-01-18T15:58:31.856 ..\..\qModMaster\src\modbusadapter.cpp @ 276 Read Data failed.  "Error : Illegal data address" 
ERROR 2023-01-18T15:58:32.026 ..\..\qModMaster\src\modbusadapter.cpp @ 276 Read Data failed.  "Error : Illegal data address" 
